sharingserver/build/outputs/logs/manifest-merger-debug-report.txt
-- Merging decision tree log ---
manifest
ADDED from src/main/AndroidManifest.xml:2:1-71:12
	package
		ADDED from src/main/AndroidManifest.xml:3:5-45
		INJECTED from src/main/AndroidManifest.xml
		INJECTED from src/main/AndroidManifest.xml
	android:versionName
		INJECTED from src/main/AndroidManifest.xml
		INJECTED from src/main/AndroidManifest.xml
	xmlns:android
		ADDED from src/main/AndroidManifest.xml:2:11-69
	android:versionCode
		INJECTED from src/main/AndroidManifest.xml
		INJECTED from src/main/AndroidManifest.xml
uses-permission#android.permission.READ_EXTERNAL_STORAGE
ADDED from src/main/AndroidManifest.xml:6:5-80
	android:name
		ADDED from src/main/AndroidManifest.xml:6:22-77
uses-permission#android.permission.WRITE_EXTERNAL_STORAGE
ADDED from src/main/AndroidManifest.xml:7:5-81
	android:name
		ADDED from src/main/AndroidManifest.xml:7:22-78
uses-permission#android.permission.MANAGE_DOCUMENTS
ADDED from src/main/AndroidManifest.xml:8:5-74
	android:name
		ADDED from src/main/AndroidManifest.xml:8:22-72
uses-permission#android.permission.ACCESS_COARSE_LOCATION
ADDED from src/main/AndroidManifest.xml:9:5-80
MERGED from [bridgefy-android-samples:bridgefy-sdk-android:unspecified] AndroidManifest.xml:15:5-81
	android:name
		ADDED from src/main/AndroidManifest.xml:9:22-78
application
ADDED from src/main/AndroidManifest.xml:11:5-69:19
MERGED from [bridgefy-android-samples:bridgefy-sdk-android:unspecified] AndroidManifest.xml:19:5-25:19
MERGED from [com.android.support:cardview-v7:25.3.1] AndroidManifest.xml:26:5-20
MERGED from [com.android.support:design:25.3.1] AndroidManifest.xml:29:5-20
MERGED from [com.android.support:appcompat-v7:25.3.1] AndroidManifest.xml:29:5-20
MERGED from [com.android.support:animated-vector-drawable:25.3.1] AndroidManifest.xml:26:5-20
MERGED from [com.android.support:support-vector-drawable:25.3.1] AndroidManifest.xml:26:5-20
MERGED from [com.android.support:transition:25.3.1] AndroidManifest.xml:26:5-20
MERGED from [com.android.support:support-v4:26.0.1] AndroidManifest.xml:25:5-29:19
MERGED from [com.android.support:support-media-compat:26.0.1] AndroidManifest.xml:25:5-29:19
MERGED from [com.android.support:support-fragment:26.0.1] AndroidManifest.xml:25:5-29:19
MERGED from [com.android.support:support-core-ui:26.0.1] AndroidManifest.xml:25:5-29:19
MERGED from [com.android.support:support-core-utils:26.0.1] AndroidManifest.xml:25:5-29:19
MERGED from [com.android.support:support-compat:26.0.1] AndroidManifest.xml:25:5-29:19
MERGED from [com.android.support.constraint:constraint-layout:1.0.2] AndroidManifest.xml:9:5-20
	android:label
		ADDED from src/main/AndroidManifest.xml:15:9-41
	android:supportsRtl
		ADDED from src/main/AndroidManifest.xml:16:9-35
	android:hardwareAccelerated
		ADDED from src/main/AndroidManifest.xml:18:9-44
	android:allowBackup
		ADDED from src/main/AndroidManifest.xml:13:9-35
	android:icon
		ADDED from src/main/AndroidManifest.xml:14:9-45
	android:largeHeap
		ADDED from src/main/AndroidManifest.xml:17:9-33
	android:theme
		ADDED from src/main/AndroidManifest.xml:19:9-40
	android:name
		ADDED from src/main/AndroidManifest.xml:12:9-44
activity#com.bridgefy.samples.fileshare.DeviceListActivity
ADDED from src/main/AndroidManifest.xml:20:9-23:68
	android:label
		ADDED from src/main/AndroidManifest.xml:22:13-45
	android:theme
		ADDED from src/main/AndroidManifest.xml:23:13-56
	android:name
		ADDED from src/main/AndroidManifest.xml:21:13-47
activity#com.bridgefy.samples.fileshare.DeviceDetailActivity
ADDED from src/main/AndroidManifest.xml:24:9-32:20
	android:label
		ADDED from src/main/AndroidManifest.xml:26:13-56
	android:parentActivityName
		ADDED from src/main/AndroidManifest.xml:27:13-61
	android:theme
		ADDED from src/main/AndroidManifest.xml:28:13-56
	android:name
		ADDED from src/main/AndroidManifest.xml:25:13-49
meta-data#android.support.PARENT_ACTIVITY
ADDED from src/main/AndroidManifest.xml:29:13-31:85
	android:value
		ADDED from src/main/AndroidManifest.xml:31:17-82
	android:name
		ADDED from src/main/AndroidManifest.xml:30:17-63
activity#com.bridgefy.samples.fileshare.LoginActivity
ADDED from src/main/AndroidManifest.xml:33:9-41:20
	android:label
		ADDED from src/main/AndroidManifest.xml:35:13-45
	android:name
		ADDED from src/main/AndroidManifest.xml:34:13-42
intent-filter#android.intent.action.MAIN+android.intent.category.LAUNCHER
ADDED from src/main/AndroidManifest.xml:36:13-40:29
action#android.intent.action.MAIN
ADDED from src/main/AndroidManifest.xml:37:17-69
	android:name
		ADDED from src/main/AndroidManifest.xml:37:25-66
category#android.intent.category.LAUNCHER
ADDED from src/main/AndroidManifest.xml:39:17-77
	android:name
		ADDED from src/main/AndroidManifest.xml:39:27-74
meta-data#com.bridgefy.sdk.API_KEY
ADDED from src/main/AndroidManifest.xml:44:9-46:68
	android:value
		ADDED from src/main/AndroidManifest.xml:46:13-65
	android:name
		ADDED from src/main/AndroidManifest.xml:45:13-52
activity#com.bridgefy.samples.fileshare.FileActivity
ADDED from src/main/AndroidManifest.xml:48:9-68:20
	android:label
		ADDED from src/main/AndroidManifest.xml:50:13-56
	android:parentActivityName
		ADDED from src/main/AndroidManifest.xml:51:13-61
	android:theme
		ADDED from src/main/AndroidManifest.xml:52:13-56
	android:name
		ADDED from src/main/AndroidManifest.xml:49:13-41
intent-filter#android.intent.action.PICK+android.intent.category.DEFAULT+android.intent.category.OPENABLE
ADDED from src/main/AndroidManifest.xml:57:13-66:29
action#android.intent.action.PICK
ADDED from src/main/AndroidManifest.xml:58:17-59:64
	android:name
		ADDED from src/main/AndroidManifest.xml:59:21-62
category#android.intent.category.DEFAULT
ADDED from src/main/AndroidManifest.xml:60:17-61:69
	android:name
		ADDED from src/main/AndroidManifest.xml:61:21-67
category#android.intent.category.OPENABLE
ADDED from src/main/AndroidManifest.xml:62:17-63:70
	android:name
		ADDED from src/main/AndroidManifest.xml:63:21-68
data
ADDED from src/main/AndroidManifest.xml:64:17-54
	android:mimeType
		ADDED from src/main/AndroidManifest.xml:64:23-52
uses-sdk
INJECTED from src/main/AndroidManifest.xml reason: use-sdk injection requested
MERGED from [bridgefy-android-samples:bridgefy-sdk-android:unspecified] AndroidManifest.xml:7:5-9:41
MERGED from [com.orhanobut:logger:2.1.1] AndroidManifest.xml:6:5-43
MERGED from [com.jakewharton:butterknife:8.5.1] AndroidManifest.xml:5:5-43
MERGED from [com.android.support:cardview-v7:25.3.1] AndroidManifest.xml:20:5-43
MERGED from [com.android.support:design:25.3.1] AndroidManifest.xml:21:5-23:62
MERGED from [com.android.support:appcompat-v7:25.3.1] AndroidManifest.xml:21:5-23:78
MERGED from [com.android.support:animated-vector-drawable:25.3.1] AndroidManifest.xml:20:5-44
MERGED from [com.android.support:support-vector-drawable:25.3.1] AndroidManifest.xml:20:5-43
MERGED from [com.android.support:recyclerview-v7:25.3.1] AndroidManifest.xml:20:5-43
MERGED from [com.android.support:transition:25.3.1] AndroidManifest.xml:20:5-44
MERGED from [com.android.support:support-v4:26.0.1] AndroidManifest.xml:21:5-23:54
MERGED from [com.android.support:support-media-compat:26.0.1] AndroidManifest.xml:21:5-23:63
MERGED from [com.android.support:support-fragment:26.0.1] AndroidManifest.xml:21:5-23:60
MERGED from [com.android.support:support-core-ui:26.0.1] AndroidManifest.xml:21:5-23:58
MERGED from [com.android.support:support-core-utils:26.0.1] AndroidManifest.xml:21:5-23:61
MERGED from [com.android.support:support-compat:26.0.1] AndroidManifest.xml:21:5-23:58
MERGED from [com.android.support.constraint:constraint-layout:1.0.2] AndroidManifest.xml:5:5-7:41
MERGED from [io.reactivex.rxjava2:rxandroid:2.0.1] AndroidManifest.xml:19:5-43
	tools:overrideLibrary
		ADDED from [com.android.support:design:25.3.1] AndroidManifest.xml:23:9-59
	android:targetSdkVersion
		INJECTED from src/main/AndroidManifest.xml
		INJECTED from src/main/AndroidManifest.xml
	android:minSdkVersion
		INJECTED from src/main/AndroidManifest.xml
		INJECTED from src/main/AndroidManifest.xml
uses-permission#android.permission.BLUETOOTH
ADDED from [bridgefy-android-samples:bridgefy-sdk-android:unspecified] AndroidManifest.xml:11:5-68
	android:name
		ADDED from [bridgefy-android-samples:bridgefy-sdk-android:unspecified] AndroidManifest.xml:11:22-65
uses-permission#android.permission.BLUETOOTH_ADMIN
ADDED from [bridgefy-android-samples:bridgefy-sdk-android:unspecified] AndroidManifest.xml:12:5-74
	android:name
		ADDED from [bridgefy-android-samples:bridgefy-sdk-android:unspecified] AndroidManifest.xml:12:22-71
uses-permission#android.permission.ACCESS_WIFI_STATE
ADDED from [bridgefy-android-samples:bridgefy-sdk-android:unspecified] AndroidManifest.xml:13:5-76
	android:name
		ADDED from [bridgefy-android-samples:bridgefy-sdk-android:unspecified] AndroidManifest.xml:13:22-73
uses-permission#android.permission.CHANGE_WIFI_STATE
ADDED from [bridgefy-android-samples:bridgefy-sdk-android:unspecified] AndroidManifest.xml:14:5-76
	android:name
		ADDED from [bridgefy-android-samples:bridgefy-sdk-android:unspecified] AndroidManifest.xml:14:22-73
uses-permission#android.permission.ACCESS_FINE_LOCATION
ADDED from [bridgefy-android-samples:bridgefy-sdk-android:unspecified] AndroidManifest.xml:16:5-79
	android:name
		ADDED from [bridgefy-android-samples:bridgefy-sdk-android:unspecified] AndroidManifest.xml:16:22-76
uses-permission#android.permission.INTERNET
ADDED from [bridgefy-android-samples:bridgefy-sdk-android:unspecified] AndroidManifest.xml:17:5-67
	android:name
		ADDED from [bridgefy-android-samples:bridgefy-sdk-android:unspecified] AndroidManifest.xml:17:22-64
service#com.bridgefy.sdk.client.NetworkJobService
ADDED from [bridgefy-android-samples:bridgefy-sdk-android:unspecified] AndroidManifest.xml:20:9-24:19
	android:exported
		ADDED from [bridgefy-android-samples:bridgefy-sdk-android:unspecified] AndroidManifest.xml:22:13-36
	android:permission
		ADDED from [bridgefy-android-samples:bridgefy-sdk-android:unspecified] AndroidManifest.xml:23:13-69
	android:name
		ADDED from [bridgefy-android-samples:bridgefy-sdk-android:unspecified] AndroidManifest.xml:21:13-69
meta-data#android.support.VERSION
ADDED from [com.android.support:cardview-v7:25.3.1] AndroidManifest.xml:22:5-24:34
MERGED from [com.android.support:design:25.3.1] AndroidManifest.xml:25:5-27:34
MERGED from [com.android.support:appcompat-v7:25.3.1] AndroidManifest.xml:25:5-27:34
MERGED from [com.android.support:animated-vector-drawable:25.3.1] AndroidManifest.xml:22:5-24:34
MERGED from [com.android.support:support-vector-drawable:25.3.1] AndroidManifest.xml:22:5-24:34
MERGED from [com.android.support:recyclerview-v7:25.3.1] AndroidManifest.xml:22:5-24:34
MERGED from [com.android.support:transition:25.3.1] AndroidManifest.xml:22:5-24:34
MERGED from [com.android.support:support-media-compat:26.0.1] AndroidManifest.xml:26:9-28:38
MERGED from [com.android.support:support-fragment:26.0.1] AndroidManifest.xml:26:9-28:38
MERGED from [com.android.support:support-core-ui:26.0.1] AndroidManifest.xml:26:9-28:38
MERGED from [com.android.support:support-core-utils:26.0.1] AndroidManifest.xml:26:9-28:38
MERGED from [com.android.support:support-compat:26.0.1] AndroidManifest.xml:26:9-28:38
	android:value
		ADDED from [com.android.support:cardview-v7:25.3.1] AndroidManifest.xml:24:9-31
	android:name
		ADDED from [com.android.support:cardview-v7:25.3.1] AndroidManifest.xml:23:9-47